Grammar

    0 $accept: stmtlist $end

    1 stmtlist: stmtlist ';' stmt
    2         | stmt

    3 stmt: RPS RPS


Terminals, with rules where they appear

$end (0) 0
';' (59) 1
error (256)
RPS (258) 3


Nonterminals, with rules where they appear

$accept (5)
    on left: 0
stmtlist (6)
    on left: 1 2, on right: 0 1
stmt (7)
    on left: 3, on right: 1 2


State 0

    0 $accept: . stmtlist $end

    RPS  shift, and go to state 1

    stmtlist  go to state 2
    stmt      go to state 3


State 1

    3 stmt: RPS . RPS

    RPS  shift, and go to state 4


State 2

    0 $accept: stmtlist . $end
    1 stmtlist: stmtlist . ';' stmt

    $end  shift, and go to state 5
    ';'   shift, and go to state 6


State 3

    2 stmtlist: stmt .

    $default  reduce using rule 2 (stmtlist)


State 4

    3 stmt: RPS RPS .

    $default  reduce using rule 3 (stmt)


State 5

    0 $accept: stmtlist $end .

    $default  accept


State 6

    1 stmtlist: stmtlist ';' . stmt

    RPS  shift, and go to state 1

    stmt  go to state 7


State 7

    1 stmtlist: stmtlist ';' stmt .

    $default  reduce using rule 1 (stmtlist)
